<?xml version="1.0" encoding="UTF-8"?>
<testsuite xmlns:xsi="http://www.w3.org/2001/XMLSchema-instance" xsi:noNamespaceSchemaLocation="https://maven.apache.org/surefire/maven-surefire-plugin/xsd/surefire-test-report.xsd" name="hello.CustomerRepositoryTests" time="10.726" tests="3" errors="0" skipped="0" failures="0">
  <properties>
[...]
</properties>
  <testcase name="findsByLastName" classname="hello.CustomerRepositoryTests" time="0.82"/>
  <testcase name="setsIdOnSave" classname="hello.CustomerRepositoryTests" time="0.029"/>
  <testcase name="findsByExample" classname="hello.CustomerRepositoryTests" time="0.047"/>
</testsuite>